C51 COMPILER V9.56.0.0   YX23F01CB_PORT_MAP                                                12/03/2020 08:45:13 PAGE 1   


C51 COMPILER V9.56.0.0, COMPILATION OF MODULE YX23F01CB_PORT_MAP
OBJECT MODULE PLACED IN .\Output\YX23F01CB_PORT_MAP.obj
COMPILER INVOKED BY: F:\Keil\C51\BIN\C51.EXE ..\..\User\C\YX23F01CB_PORT_MAP.c OPTIMIZE(8,SPEED) BROWSE INCDIR(..\..\App
                    -lication;..\..\User\INC;..\..\Libraries;..\..\Libraries;..\..\User\INC) DEBUG OBJECTEXTEND PRINT(.\List\YX23F01CB_PORT_M
                    -AP.lst) TABS(2) OBJECT(.\Output\YX23F01CB_PORT_MAP.obj)

line level    source

   1          
   2          #include  "YX23F01CB.h"
   3          #include  "YX23F01CB_PORT_MAP.h"
   4          
   5          /****************************************************************************
   6          * Function Name  :
   7          * Description    :
   8          * Input          : None
   9          * Output         : None
  10          * Return         : None
  11          ****************************************************************************/
  12          
  13          


MODULE INFORMATION:   STATIC OVERLAYABLE
   CODE SIZE        =   ----    ----
   CONSTANT SIZE    =   ----    ----
   XDATA SIZE       =   ----    ----
   PDATA SIZE       =   ----    ----
   DATA SIZE        =   ----    ----
   IDATA SIZE       =   ----    ----
   BIT SIZE         =   ----    ----
END OF MODULE INFORMATION.


C51 COMPILATION COMPLETE.  0 WARNING(S),  0 ERROR(S)
