C51 COMPILER V9.56.0.0   DELAY                                                             08/11/2020 12:34:22 PAGE 1   


C51 COMPILER V9.56.0.0, COMPILATION OF MODULE DELAY
OBJECT MODULE PLACED IN .\Output\delay.obj
COMPILER INVOKED BY: F:\Keil\C51\BIN\C51.EXE ..\..\User\C\delay.c OMF2 OPTIMIZE(8,SPEED) BROWSE INCDIR(..\..\Application
                    -;..\..\User\INC;..\..\Libraries) DEBUG PRINT(.\List\delay.lst) TABS(2) OBJECT(.\Output\delay.obj)

line level    source

   1          #ifndef _Delay_C_
   2          #define _Delay_C_
   3          #include "YX23F01CB.h"
   4          #include "YX23F01CB_SYS.h"
   5          #include "YX23F01CB_IO_INIT.h"
   6          /*********************************************************************************************************
             -************/
   7          void Delay_50us(unsigned int n)    
   8          {
   9   1        unsigned char i;
  10   1        while(n--)
  11   1        {
  12   2          for(i=0;i<71;i++);
  13   2        }
  14   1      }
  15          void Delay_ms(unsigned int delay_nms)
  16          {
  17   1        while(delay_nms--)
  18   1        {
  19   2          Delay_50us(20);
  20   2        }
  21   1      }
  22          /*********************************************************************************************************
             -************/
  23          #endif


MODULE INFORMATION:   STATIC OVERLAYABLE
   CODE SIZE        =     49    ----
   CONSTANT SIZE    =   ----    ----
   XDATA SIZE       =   ----    ----
   PDATA SIZE       =   ----    ----
   DATA SIZE        =   ----    ----
   IDATA SIZE       =   ----    ----
   BIT SIZE         =   ----    ----
   EDATA SIZE       =   ----    ----
   HDATA SIZE       =   ----    ----
   XDATA CONST SIZE =   ----    ----
   FAR CONST SIZE   =   ----    ----
END OF MODULE INFORMATION.


C51 COMPILATION COMPLETE.  0 WARNING(S),  0 ERROR(S)
