C51 COMPILER V9.56.0.0   PRINTF                                                            08/09/2020 16:18:59 PAGE 1   


C51 COMPILER V9.56.0.0, COMPILATION OF MODULE PRINTF
OBJECT MODULE PLACED IN .\Output\printf.obj
COMPILER INVOKED BY: F:\Keil\C51\BIN\C51.EXE ..\..\User\C\printf.c OMF2 OPTIMIZE(8,SPEED) BROWSE INCDIR(..\..\Applicatio
                    -n;..\..\User\INC;..\..\Libraries) DEBUG PRINT(.\List\printf.lst) TABS(2) OBJECT(.\Output\printf.obj)

line level    source

   1          #include "YX23F01CB.h"
   2          #include "YX23F01CB_SYS.h"
   3          #include "YX23F01CB_IO_INIT.h"
   4          
   5          //===================================================================================================
   6          #define PRINTF_BAUDRATE     115200   
   7          void init_printf()
   8          {
   9   1        P2M0 = 0xC1;                //设置P20推完输出
  10   1        
  11   1        TXD_MAP = 0x20;           //TXD
  12   1        
  13   1        T4CON = 0x06;           //T4，波特率发生器
  14   1      
  15   1        SCON2 = 0x02;   // uart mode 1
  16   1        
  17   1        T4 = 65536.5 - (SYSCLK_FOSC / 16 / PRINTF_BAUDRATE); //
  18   1      
  19   1      
  20   1      }
  21          
  22          char putchar (char c)
  23          {
  24   1        SBUF = c;
  25   1      
  26   1        while(!TI);
  27   1      
  28   1        TI = 0;
  29   1        return 0;
  30   1      }


MODULE INFORMATION:   STATIC OVERLAYABLE
   CODE SIZE        =     35    ----
   CONSTANT SIZE    =   ----    ----
   XDATA SIZE       =   ----    ----
   PDATA SIZE       =   ----    ----
   DATA SIZE        =   ----    ----
   IDATA SIZE       =   ----    ----
   BIT SIZE         =   ----    ----
   EDATA SIZE       =   ----    ----
   HDATA SIZE       =   ----    ----
   XDATA CONST SIZE =   ----    ----
   FAR CONST SIZE   =   ----    ----
END OF MODULE INFORMATION.


C51 COMPILATION COMPLETE.  0 WARNING(S),  0 ERROR(S)
