C51 COMPILER V9.56.0.0   YX23F01CB_PORT_MAP                                                12/12/2020 12:37:36 PAGE 1   


C51 COMPILER V9.56.0.0, COMPILATION OF MODULE YX23F01CB_PORT_MAP
OBJECT MODULE PLACED IN .\Output\YX23F01CB_PORT_MAP.obj
COMPILER INVOKED BY: F:\Keil\C51\BIN\C51.EXE ..\..\User\C\YX23F01CB_PORT_MAP.c OMF2 OPTIMIZE(8,SPEED) BROWSE INCDIR(..\.
                    -.\Application;..\..\User\INC;..\..\Libraries) DEBUG PRINT(.\List\YX23F01CB_PORT_MAP.lst) TABS(2) OBJECT(.\Output\YX23F01
                    -CB_PORT_MAP.obj)

line level    source

   1          
   2          /*******************************************************************************/
   3          #include  "YX23F01CB.h"
   4          #include  "YX23F01CB_PORT_MAP.h"
   5          
   6          /****************************************************************************
   7          * Function Name  :
   8          * Description    :
   9          * Input          : None
  10          * Output         : None
  11          * Return         : None
  12          ****************************************************************************/
  13          
  14          /*********************************END OF FILE************************************/
  15          


MODULE INFORMATION:   STATIC OVERLAYABLE
   CODE SIZE        =   ----    ----
   CONSTANT SIZE    =   ----    ----
   XDATA SIZE       =   ----    ----
   PDATA SIZE       =   ----    ----
   DATA SIZE        =   ----    ----
   IDATA SIZE       =   ----    ----
   BIT SIZE         =   ----    ----
   EDATA SIZE       =   ----    ----
   HDATA SIZE       =   ----    ----
   XDATA CONST SIZE =   ----    ----
   FAR CONST SIZE   =   ----    ----
END OF MODULE INFORMATION.


C51 COMPILATION COMPLETE.  0 WARNING(S),  0 ERROR(S)
