C51 COMPILER V9.56.0.0   YX23F01CB_ISR                                                     03/14/2021 23:04:09 PAGE 1   


C51 COMPILER V9.56.0.0, COMPILATION OF MODULE YX23F01CB_ISR
OBJECT MODULE PLACED IN .\Output\YX23F01CB_ISR.obj
COMPILER INVOKED BY: F:\Keil\C51\BIN\C51.EXE ..\..\User\C\YX23F01CB_ISR.c OMF2 OPTIMIZE(8,SPEED) BROWSE INCDIR(..\..\App
                    -lication;..\..\User\INC;..\..\Libraries) DEBUG PRINT(.\List\YX23F01CB_ISR.lst) TABS(2) OBJECT(.\Output\YX23F01CB_ISR.obj
                    -)

line level    source

   1          
   2          /*******************************************************************************/
   3          #include "YX23F01CB.h"
   4          
   5          //================================================================================
   6          extern void CTK_ISR_Handle(void);
   7          
   8          /****************************************************************************
   9          * Function Name  : ISR_INT0
  10          * Description    : INT0 interrupt request
  11          * Input          : None
  12          * Output         : None
  13          * Return         : None
  14          ****************************************************************************/
  15          void ISR_INT0(void)      interrupt INT0_VECTOR
  16          {
  17   1        while(1);
  18   1      }
  19          
  20          /****************************************************************************
  21          * Function Name  : ISR_Timer0
  22          * Description    : Timer0 interrupt request
  23          * Input          : None
  24          * Output         : None
  25          * Return         : None
  26          ****************************************************************************/
  27          //void ISR_Timer0(void)     interrupt TIMER0_VECTOR
  28          //{
  29          //  while(1);
  30          //}
  31          
  32          /****************************************************************************
  33          * Function Name  : ISR_INT1
  34          * Description    : INT1 interrupt request
  35          * Input          : None
  36          * Output         : None
  37          * Return         : None
  38          ****************************************************************************/
  39          void ISR_INT1(void)       interrupt INT1_VECTOR
  40          {
  41   1        while(1);
  42   1      }
  43          
  44          /****************************************************************************
  45          * Function Name  : ISR_Timer1
  46          * Description    : Timer1 interrupt request
  47          * Input          : None
  48          * Output         : None
  49          * Return         : None
  50          ****************************************************************************/
  51          void ISR_Timer1(void)     interrupt TIMER1_VECTOR
  52          {
  53   1        while(1);
C51 COMPILER V9.56.0.0   YX23F01CB_ISR                                                     03/14/2021 23:04:09 PAGE 2   

  54   1      }
  55          
  56          /****************************************************************************
  57          * Function Name  : ISR_UART1
  58          * Description    : UART1 interrupt request
  59          * Input          : None
  60          * Output         : None
  61          * Return         : None
  62          ****************************************************************************/
  63          void ISR_UART1(void)     interrupt UART1_VECTOR
  64          {
  65   1        while(1);
  66   1      }
  67          
  68          /****************************************************************************
  69          * Function Name  : ISR_WDT
  70          * Description    : WDT interrupt request
  71          * Input          : None
  72          * Output         : None
  73          * Return         : None
  74          ****************************************************************************/
  75          void ISR_WDT(void)       interrupt WDT_VECTOR
  76          {
  77   1        while(1);
  78   1      }
  79          
  80          /****************************************************************************
  81          * Function Name  : ISR_IIC
  82          * Description    : IIC interrupt request
  83          * Input          : None
  84          * Output         : None
  85          * Return         : None
  86          ****************************************************************************/
  87          void ISR_IIC(void)       interrupt IIC_VECTOR
  88          {
  89   1        while(1);
  90   1      }
  91          
  92          /****************************************************************************
  93          * Function Name  : ISR_Timer3
  94          * Description    : Timer3 interrupt request
  95          * Input          : None
  96          * Output         : None
  97          * Return         : None
  98          ****************************************************************************/
  99          void ISR_Timer3(void)     interrupt T3_VECTOR
 100          {
 101   1        while(1);
 102   1      }
 103          
 104          /****************************************************************************
 105          * Function Name  : ISR_Timer4
 106          * Description    : Timer4 interrupt request
 107          * Input          : None
 108          * Output         : None
 109          * Return         : None
 110          ****************************************************************************/
 111          void ISR_Timer4(void)     interrupt T4_VECTOR
 112          {
 113   1        while(1);
 114   1      }
 115          
C51 COMPILER V9.56.0.0   YX23F01CB_ISR                                                     03/14/2021 23:04:09 PAGE 3   

 116          /****************************************************************************
 117          * Function Name  : ISR_PWM
 118          * Description    : PWM interrupt request
 119          * Input          : None
 120          * Output         : None
 121          * Return         : None
 122          ****************************************************************************/
 123          void ISR_PWM(void)       interrupt PWM_VECTOR
 124          {
 125   1        while(1);
 126   1      }
 127          
 128          /****************************************************************************
 129          * Function Name  : ISR_CTK
 130          * Description    : CTK interrupt request
 131          * Input          : None
 132          * Output         : None
 133          * Return         : None
 134          ****************************************************************************/
 135          
 136          void ISR_CTK(void)      interrupt CTK_VECTOR
 137          {
 138   1        CTK_ISR_Handle();
 139   1      }
 140          
 141          /****************************************************************************
 142          * Function Name  : ISR_ADC
 143          * Description    : ADC interrupt request
 144          * Input          : None
 145          * Output         : None
 146          * Return         : None
 147          ****************************************************************************/
 148          void ISR_ADC(void)      interrupt ADC_VECTOR
 149          {
 150   1        while(1);
 151   1      }
 152          
 153          /****************************************************************************
 154          * Function Name  : ISR_INT16_17
 155          * Description    : INT16~17 interrupt request
 156          * Input          : None
 157          * Output         : None
 158          * Return         : None
 159          ****************************************************************************/
 160          //void ISR_INT16_17(void)  interrupt INT16_17_VECTOR
 161          //{
 162          //  while(1);
 163          //}
 164          
 165          /*********************************END OF FILE************************************/
 166          


MODULE INFORMATION:   STATIC OVERLAYABLE
   CODE SIZE        =    112    ----
   CONSTANT SIZE    =   ----    ----
   XDATA SIZE       =   ----    ----
   PDATA SIZE       =   ----    ----
   DATA SIZE        =   ----    ----
   IDATA SIZE       =   ----    ----
   BIT SIZE         =   ----    ----
   EDATA SIZE       =   ----    ----
C51 COMPILER V9.56.0.0   YX23F01CB_ISR                                                     03/14/2021 23:04:09 PAGE 4   

   HDATA SIZE       =   ----    ----
   XDATA CONST SIZE =   ----    ----
   FAR CONST SIZE   =   ----    ----
END OF MODULE INFORMATION.


C51 COMPILATION COMPLETE.  0 WARNING(S),  0 ERROR(S)
