C51 COMPILER V9.56.0.0   YX23F01CB_GENERALKEY_TOUCH_MULTIBUTTON                            12/12/2020 12:37:35 PAGE 1   


C51 COMPILER V9.56.0.0, COMPILATION OF MODULE YX23F01CB_GENERALKEY_TOUCH_MULTIBUTTON
OBJECT MODULE PLACED IN .\Output\YX23F01CB_GeneralKey_Touch_Multibutton.obj
COMPILER INVOKED BY: F:\Keil\C51\BIN\C51.EXE ..\..\Libraries\YX23F01CB_GeneralKey_Touch_Lib_V1.04\YX23F01CB_GeneralKey_T
                    -ouch_Multibutton.c OMF2 OPTIMIZE(8,SPEED) BROWSE INCDIR(..\..\Application;..\..\User\INC;..\..\Libraries) DEBUG PRINT(.\
                    -List\YX23F01CB_GeneralKey_Touch_Multibutton.lst) TABS(2) OBJECT(.\Output\YX23F01CB_GeneralKey_Touch_Multibutton.obj)

line level    source

   1          /********************************************************************************
   2          
   3          注：本文件不建议用户自行修改！
   4          
   5          *******************************************************************************/
   6          #include "YX23F01CB.h"
   7          #include "YX23F01CB_GeneralKey_Touch_Lib_V1.04\YX23F01CB_GeneralKey_Touch_Lib.h"
   8          #include "YX23F01CB_GeneralKey_Touch_Lib_V1.04\YX23F01CB_GeneralKey_Touch_Multibutton.h"
   9          #include "YX23F01CB_GeneralKey_Touch_Lib_V1.04\YX23F01CB_GeneralKey_Touch_Lib_CFG.h"
  10          #include <string.h>
  11          
  12          
  13          //===================================================================================================
  14          /***********************************调用相关库参数，用户不需修改************************************/
  15          #define HexadecimalToBinary(a,b,c,d,e,f,g,h,i,j,k,l,m,n,o,p)  \
  16          (                               \
  17            (a<<15)+(b<<14)+(c<<13)+(d<<12)+              \
  18            (e<<11)+(f<<10)+(g<<9)+(h<<8)+                \
  19            (i<<7)+(j<<6)+(k<<5)+(l<<4)+                \
  20            (m<<3)+(n<<2)+(o<<1)+(p<<0)                 \
  21          )
  22          
  23          #define TKBIN HexadecimalToBinary
  24          
  25          #define YXTouchLib_OPENED_TK_AMOUNT \
  26          ((YXTouchLib_TK_CH_MASK>> 0 & 0x01L)+(YXTouchLib_TK_CH_MASK>> 1 & 0x01L)+(YXTouchLib_TK_CH_MASK>> 2 & 0x01
             -L)+(YXTouchLib_TK_CH_MASK>> 3 & 0x01L)+\
  27           (YXTouchLib_TK_CH_MASK>> 4 & 0x01L)+(YXTouchLib_TK_CH_MASK>> 5 & 0x01L)+(YXTouchLib_TK_CH_MASK>> 6 & 0x01
             -L)+(YXTouchLib_TK_CH_MASK>> 7 & 0x01L)+\
  28           (YXTouchLib_TK_CH_MASK>> 8 & 0x01L)+(YXTouchLib_TK_CH_MASK>> 9 & 0x01L)+(YXTouchLib_TK_CH_MASK>>10 & 0x01
             -L)+(YXTouchLib_TK_CH_MASK>>11 & 0x01L)+\
  29           (YXTouchLib_TK_CH_MASK>>12 & 0x01L)+(YXTouchLib_TK_CH_MASK>>13 & 0x01L)+(YXTouchLib_TK_CH_MASK>>14 & 0x01
             -L)+(YXTouchLib_TK_CH_MASK>>15 & 0x01L))
  30           
  31          extern ux16 XDATA_RawData[];          //滤波后RawData
  32          extern sx16 XDATA_BaseLine[];         //Baseline
  33          extern uc8 CODE_INTERNAL_INDEX[];       //对应IC的通道号
  34          extern uc8 CODE_TK_CH_MAX;            //对应IC的通道总数
  35          
  36          //===================================================================================================
  37          #if YXTouchLib_MULTIBUTTON
              unsigned char code nuc_OpenTouchChannel_a[YXTouchLib_OPENED_TK_AMOUNT] = YXTouchLib_OPENTOUCHCHANNEL;
              #endif  
  40          
  41          //===================================================================================================
  42          #if YXTouchLib_MULTIBUTTON            //使能多按键处理
              static void BubbleSort(s16 fi_ArrDataOne_a[], u8 fuc_ArrDataTwo_a[], u8 fuc_Len)
              {
                  s16 fi_TempOne = 0;
                u8  fuc_TempTwo = 0;
                  u8 fuc_i = 0, fuc_j = 0;
                  for (fuc_i=0; fuc_i<fuc_Len-1; fuc_i++)
                {
C51 COMPILER V9.56.0.0   YX23F01CB_GENERALKEY_TOUCH_MULTIBUTTON                            12/12/2020 12:37:35 PAGE 2   

                      for (fuc_j=0; fuc_j<fuc_Len-1-fuc_i; fuc_j++) 
                  { 
                          if (fi_ArrDataOne_a[fuc_j] > fi_ArrDataOne_a[fuc_j+1]) 
                    { 
                              fi_TempOne = fi_ArrDataOne_a[fuc_j];
                              fi_ArrDataOne_a[fuc_j] = fi_ArrDataOne_a[fuc_j+1];
                              fi_ArrDataOne_a[fuc_j+1] = fi_TempOne;
                      
                      fuc_TempTwo = fuc_ArrDataTwo_a[fuc_j];
                      fuc_ArrDataTwo_a[fuc_j] = fuc_ArrDataTwo_a[fuc_j+1];
                      fuc_ArrDataTwo_a[fuc_j+1] = fuc_TempTwo;
                          }
                      } 
                }
              }
              
              char Search(u8 fuc_SearchData, u8 fuc_ArrData_a[], u8 fuc_Len)
              {
                s8 fc_Ret = -1;
                u8 fuc_i = 0;
                for(fuc_i=0; fuc_i<fuc_Len; fuc_i++)
                {
                  if(fuc_ArrData_a[fuc_i] == fuc_SearchData)
                  {
                    fc_Ret = fuc_i;
                    break;
                  }
                }
                return fc_Ret;
              }
              #endif  
  81          
  82          
  83          
  84          void TouchMultibuttonHandle(void)
  85          {
  86   1      #if YXTouchLib_MULTIBUTTON  
                u8  fuc_TouchKeyFlagNum = 0;
                u8  fuc_i = 0;
                s8  fc_ChannelLocation  = 0;  
                s16 fi_MultibuttonDiffer_a[YXTouchLib_OPENED_TK_AMOUNT] = {0x0000};
                u8  fuc_BubbleSortChannel_a[YXTouchLib_OPENED_TK_AMOUNT] = {0x00};
              
                fuc_TouchKeyFlagNum = (TouchKeyFlag>> 0 & 0x01L)+(TouchKeyFlag>> 1 & 0x01L)+(TouchKeyFlag>> 2 & 0x01L)+(T
             -ouchKeyFlag>> 3 & 0x01L)+\
                            (TouchKeyFlag>> 4 & 0x01L)+(TouchKeyFlag>> 5 & 0x01L)+(TouchKeyFlag>> 6 & 0x01L)+(TouchKeyFlag>> 7
             - & 0x01L)+\
                            (TouchKeyFlag>> 8 & 0x01L)+(TouchKeyFlag>> 9 & 0x01L)+(TouchKeyFlag>>10 & 0x01L)+(TouchKeyFlag>>11
             - & 0x01L)+\
                            (TouchKeyFlag>>12 & 0x01L)+(TouchKeyFlag>>13 & 0x01L)+(TouchKeyFlag>>14 & 0x01L)+(TouchKeyFlag>>15
             - & 0x01L);
                //计算同时有几个通道同时有效
                if(fuc_TouchKeyFlagNum >= 2)
                {
                  for(fuc_i = 0;fuc_i < YXTouchLib_OPENED_TK_AMOUNT;fuc_i++)
                  {
                    fi_MultibuttonDiffer_a[fuc_i] = XDATA_RawData[fuc_i] - XDATA_BaseLine[fuc_i];
                  }
                  memcpy(fuc_BubbleSortChannel_a,nuc_OpenTouchChannel_a,YXTouchLib_OPENED_TK_AMOUNT);
                  //每次排序都重新更新通道排序
                  BubbleSort(fi_MultibuttonDiffer_a,fuc_BubbleSortChannel_a,YXTouchLib_OPENED_TK_AMOUNT);
                  //冒泡排序，将最大的通道放到fuc_BubbleSortChannel_a[YXTouchLib_OPENED_TK_AMOUNT-1]中
C51 COMPILER V9.56.0.0   YX23F01CB_GENERALKEY_TOUCH_MULTIBUTTON                            12/12/2020 12:37:35 PAGE 3   

                  fc_ChannelLocation = Search(fuc_BubbleSortChannel_a[YXTouchLib_OPENED_TK_AMOUNT-1],CODE_INTERNAL_INDEX,C
             -ODE_TK_CH_MAX);
                  //
                  if(fc_ChannelLocation!= -1)
                  {
                    TouchKeyFlag = (0x01<<fc_ChannelLocation);
                  }
                }
              #endif    
 116   1      }
 117          
 118          /******************************************************************************************************
 119          
 120           ******************************************************************************************************/


MODULE INFORMATION:   STATIC OVERLAYABLE
   CODE SIZE        =      1    ----
   CONSTANT SIZE    =   ----    ----
   XDATA SIZE       =   ----    ----
   PDATA SIZE       =   ----    ----
   DATA SIZE        =   ----    ----
   IDATA SIZE       =   ----    ----
   BIT SIZE         =   ----    ----
   EDATA SIZE       =   ----    ----
   HDATA SIZE       =   ----    ----
   XDATA CONST SIZE =   ----    ----
   FAR CONST SIZE   =   ----    ----
END OF MODULE INFORMATION.


C51 COMPILATION COMPLETE.  0 WARNING(S),  0 ERROR(S)
