C51 COMPILER V9.56.0.0   YX23F01CB_TOUCHUARTDEBUG_LIB_CFG                                  03/14/2021 23:04:09 PAGE 1   


C51 COMPILER V9.56.0.0, COMPILATION OF MODULE YX23F01CB_TOUCHUARTDEBUG_LIB_CFG
OBJECT MODULE PLACED IN .\Output\YX23F01CB_TouchUartDebug_Lib_CFG.obj
COMPILER INVOKED BY: F:\Keil\C51\BIN\C51.EXE ..\..\Libraries\YX23F01CB_TouchUartDebug_Lib_V1.00\YX23F01CB_TouchUartDebug
                    -_Lib_CFG.c OMF2 OPTIMIZE(8,SPEED) BROWSE INCDIR(..\..\Application;..\..\User\INC;..\..\Libraries) DEBUG PRINT(.\List\YX2
                    -3F01CB_TouchUartDebug_Lib_CFG.lst) TABS(2) OBJECT(.\Output\YX23F01CB_TouchUartDebug_Lib_CFG.obj)

line level    source

   1          /********************************************************************************
   2          
   3          注：本文件不建议用户自行修改！
   4          
   5          *******************************************************************************/
   6          
   7          //===================================================================================================
   8          #include "YX23F01CB.h"
   9          #include "YX23F01CB_SYS.h"
  10          #include "YX23F01CB_TouchUartDebug_Lib_V1.00\YX23F01CB_TouchUartDebug_Lib_CFG.h"
  11          
  12          #if TouchUartDebugLib_SW
              #pragma message "触摸串口调试功能：已开启，请调试结束后关闭"
              #pragma message "触摸串口使用UART1相关资源，波特率由T4产生，若串口调试占用的资源与用户其它功能有冲突，请注
             -意做相关必要的调整"
              #include "YX23F01CB_TouchUartDebug_Lib_V1.00\YX23F01CB_TouchUartDebug_Lib_Build_Message.h"
              #else
  17          #pragma message "触摸串口调试功能：未开启"
*** MESSAGE C286 IN LINE 17 OF ..\..\Libraries\YX23F01CB_TouchUartDebug_Lib_V1.00\YX23F01CB_TouchUartDebug_Lib_CFG.c: 触
             -摸串口调试功能：未开启
  18          #endif
  19          
  20          #if TouchUartDebugLib_SW
              //===================================================================================================
              void CTK_Debug_Mode_Uart_SendChar(u8 send_data);
              void CTK_Debug_Mode_Uart_SendWord(u16 send_data);
              
              //===================================================================================================
              void CTK_TouchUartDebug_Init()
              {
              #ifndef   SET_Touch_TXD_PORT_MODE
              #define   SET_Touch_TXD_PORT_MODE
              #error    "触摸调试管脚设置错误，请在YX23F01CB_TouchUartDebug_Lib_CFG.h文件中重新配置TouchUartDebugLib_TXD_P
             -x_y"
              #endif
              
              #ifndef   Touch_TXD_MAP
              #define   Touch_TXD_MAP  0x37
              #endif
              
                SET_Touch_TXD_PORT_MODE;
                TXD_MAP = Touch_TXD_MAP;
              
                //T4
                SCON2 = 0x02;   // uart mode 1
                T4 = 65536.5 - (SYSCLK_FOSC / 16 / TouchUartDebugLib_BAUDRATE); //
                T4CON = 0x06; //UART1 BaudRate fosc
              }
              
              //===================================================================================================
              void CTK_Debug_Mode_Uart_SendChar(u8 send_data)
              {
                SBUF = send_data;
C51 COMPILER V9.56.0.0   YX23F01CB_TOUCHUARTDEBUG_LIB_CFG                                  03/14/2021 23:04:09 PAGE 2   

              
                while(!TI);
              
                TI = 0;
              }
              
              //===================================================================================================
              void CTK_Debug_Mode_Uart_SendWord(u16 send_data)
              {
                SBUF = (u8)(send_data >> 8);
              
                while(!TI);
              
                TI = 0;
              
                SBUF = (u8)send_data;
              
                while(!TI);
              
                TI = 0;
              }
              
              #endif
  73          
  74          /*********************************END OF FILE************************************/
  75          


MODULE INFORMATION:   STATIC OVERLAYABLE
   CODE SIZE        =   ----    ----
   CONSTANT SIZE    =   ----    ----
   XDATA SIZE       =   ----    ----
   PDATA SIZE       =   ----    ----
   DATA SIZE        =   ----    ----
   IDATA SIZE       =   ----    ----
   BIT SIZE         =   ----    ----
   EDATA SIZE       =   ----    ----
   HDATA SIZE       =   ----    ----
   XDATA CONST SIZE =   ----    ----
   FAR CONST SIZE   =   ----    ----
END OF MODULE INFORMATION.


C51 COMPILATION COMPLETE.  0 WARNING(S),  0 ERROR(S)
