C51 COMPILER V9.56.0.0   YX23F01CB_GENERALKEY_TOUCH_FILTER                                 12/12/2020 12:40:27 PAGE 1   


C51 COMPILER V9.56.0.0, COMPILATION OF MODULE YX23F01CB_GENERALKEY_TOUCH_FILTER
OBJECT MODULE PLACED IN .\Output\YX23F01CB_GeneralKey_Touch_Filter.obj
COMPILER INVOKED BY: F:\Keil\C51\BIN\C51.EXE ..\..\Libraries\YX23F01CB_GeneralKey_Touch_Lib_V1.04\YX23F01CB_GeneralKey_T
                    -ouch_Filter.c OMF2 OPTIMIZE(8,SPEED) BROWSE INCDIR(..\..\Application;..\..\User\INC;..\..\Libraries) DEBUG PRINT(.\List\
                    -YX23F01CB_GeneralKey_Touch_Filter.lst) TABS(2) OBJECT(.\Output\YX23F01CB_GeneralKey_Touch_Filter.obj)

line level    source

   1          /********************************************************************************
   2          
   3          注：本文件不建议用户自行修改！
   4          
   5          *******************************************************************************/
   6          #include "YX23F01CB.h"
   7          #include "YX23F01CB_GeneralKey_Touch_Lib_V1.04\YX23F01CB_GeneralKey_Touch_Lib.h"
   8          #include "YX23F01CB_GeneralKey_Touch_Lib_V1.04\YX23F01CB_GeneralKey_Touch_Filter.h"
   9          #include "YX23F01CB_GeneralKey_Touch_Lib_V1.04\YX23F01CB_GeneralKey_Touch_Lib_CFG.h"
  10          
  11          
  12          //===================================================================================================
  13          /***********************************调用相关库参数，用户不需修改************************************/
  14          #define HexadecimalToBinary(a,b,c,d,e,f,g,h,i,j,k,l,m,n,o,p)  \
  15          (                               \
  16            (a<<15)+(b<<14)+(c<<13)+(d<<12)+              \
  17            (e<<11)+(f<<10)+(g<<9)+(h<<8)+                \
  18            (i<<7)+(j<<6)+(k<<5)+(l<<4)+                \
  19            (m<<3)+(n<<2)+(o<<1)+(p<<0)                 \
  20          )
  21          
  22          #define TKBIN HexadecimalToBinary
  23          
  24          #define YXTouchLib_OPENED_TK_AMOUNT \
  25          ((YXTouchLib_TK_CH_MASK>> 0 & 0x01L)+(YXTouchLib_TK_CH_MASK>> 1 & 0x01L)+(YXTouchLib_TK_CH_MASK>> 2 & 0x01
             -L)+(YXTouchLib_TK_CH_MASK>> 3 & 0x01L)+\
  26           (YXTouchLib_TK_CH_MASK>> 4 & 0x01L)+(YXTouchLib_TK_CH_MASK>> 5 & 0x01L)+(YXTouchLib_TK_CH_MASK>> 6 & 0x01
             -L)+(YXTouchLib_TK_CH_MASK>> 7 & 0x01L)+\
  27           (YXTouchLib_TK_CH_MASK>> 8 & 0x01L)+(YXTouchLib_TK_CH_MASK>> 9 & 0x01L)+(YXTouchLib_TK_CH_MASK>>10 & 0x01
             -L)+(YXTouchLib_TK_CH_MASK>>11 & 0x01L)+\
  28           (YXTouchLib_TK_CH_MASK>>12 & 0x01L)+(YXTouchLib_TK_CH_MASK>>13 & 0x01L)+(YXTouchLib_TK_CH_MASK>>14 & 0x01
             -L)+(YXTouchLib_TK_CH_MASK>>15 & 0x01L))
  29           
  30          extern ux16 XDATA_RawData[];          //滤波后RawData
  31          extern ux16 XDATA_RawDataBuf[];         //采集所得RawData
  32          
  33          //===================================================================================================
  34          #if YXTouchLib_FILTER_DEPTH 
              ux16 XDATA_RawData_Filter[YXTouchLib_OPENED_TK_AMOUNT][YXTouchLib_FILTER_DEPTH];
              #endif  
  37          
  38          //===================================================================================================
  39          #if YXTouchLib_FILTER_DEPTH           //使能滤波
              static void BubbleSort(u16 fui_ArrData_a[], u8 fuc_Len)
              {
                  u16 fui_Temp = 0;
                  u8 fuc_i = 0, fuc_j = 0;
                  for (fuc_i=0; fuc_i<fuc_Len-1; fuc_i++)
                {
                      for (fuc_j=0; fuc_j<fuc_Len-1-fuc_i; fuc_j++) 
                  { 
                          if (fui_ArrData_a[fuc_j] > fui_ArrData_a[fuc_j+1]) 
                    { 
C51 COMPILER V9.56.0.0   YX23F01CB_GENERALKEY_TOUCH_FILTER                                 12/12/2020 12:40:27 PAGE 2   

                              fui_Temp = fui_ArrData_a[fuc_j];
                              fui_ArrData_a[fuc_j] = fui_ArrData_a[fuc_j+1];
                              fui_ArrData_a[fuc_j+1] = fui_Temp;
                          }
                      } 
                }
              }
              #endif  
  58          
  59          
  60          void TouchRawDataFilter(void)
  61          {
  62   1      #if YXTouchLib_FILTER_DEPTH           
              //使能滤波
                unsigned char fuc_i = 0, fuc_j = 0, fuc_z = 0;
                unsigned long ful_Num[YXTouchLib_OPENED_TK_AMOUNT] = {0x00};
                for(fuc_i = 0; fuc_i < YXTouchLib_OPENED_TK_AMOUNT; fuc_i++)
                {
                  XDATA_RawData_Filter[fuc_i][YXTouchLib_FILTER_DEPTH-1] = XDATA_RawDataBuf[fuc_i];
                  for(fuc_j = 0; fuc_j<YXTouchLib_FILTER_DEPTH-1; fuc_j++)
                  {
                    XDATA_RawData_Filter[fuc_i][fuc_j] = XDATA_RawData_Filter[fuc_i][fuc_j+1];
                  }
                  BubbleSort(XDATA_RawData_Filter[fuc_i],YXTouchLib_FILTER_DEPTH);
                  for(fuc_z = 1; fuc_z<YXTouchLib_FILTER_DEPTH-1; fuc_z++)
                  {
                    ful_Num[fuc_i] += XDATA_RawData_Filter[fuc_i][fuc_z];
                  }
                  ful_Num[fuc_i] /=  (YXTouchLib_FILTER_DEPTH-2);
                  XDATA_RawData[fuc_i] = (u16)(ful_Num[fuc_i]); 
                }
              #else                     //没有使能滤波
  82   1        unsigned char fuc_i = 0;
  83   1        for(fuc_i = 0;fuc_i < YXTouchLib_OPENED_TK_AMOUNT;fuc_i++)
  84   1        {
  85   2          XDATA_RawData[fuc_i] = XDATA_RawDataBuf[fuc_i];
  86   2        } 
  87   1      #endif
  88   1      }
  89          
  90          /******************************************************************************************************
  91          
  92           ******************************************************************************************************/


MODULE INFORMATION:   STATIC OVERLAYABLE
   CODE SIZE        =     47    ----
   CONSTANT SIZE    =   ----    ----
   XDATA SIZE       =   ----    ----
   PDATA SIZE       =   ----    ----
   DATA SIZE        =   ----    ----
   IDATA SIZE       =   ----    ----
   BIT SIZE         =   ----    ----
   EDATA SIZE       =   ----    ----
   HDATA SIZE       =   ----    ----
   XDATA CONST SIZE =   ----    ----
   FAR CONST SIZE   =   ----    ----
END OF MODULE INFORMATION.


C51 COMPILATION COMPLETE.  0 WARNING(S),  0 ERROR(S)
